<?xml version="1.0" encoding="UTF-8"?>
<!-- Generated by org.testng.reporters.JUnitXMLReporter -->
<testsuite ignored="1" hostname="VikasReddy" failures="0" tests="4" name="Default test" time="11.516" errors="0" timestamp="2023-10-31T11:27:43 IST">
  <testcase classname="Problem_3and4.Problem4" name="verifyProductLink" time="0.108"/>
  <testcase classname="Problem_3and4.Problem4" name="verifyBeyondrpaLink" time="0.099"/>
  <testcase classname="Problem_3and4.Problem4" name="verifyResoursesLink" time="0.052"/>
  <testcase classname="Problem_3and4.Problem4" name="verifyCompanyLink" time="0.043"/>
  <testcase classname="Problem_3and4.Problem4" name="verifySolutionLink" time="0.0">
    <ignored/>
  </testcase> <!-- verifySolutionLink -->
</testsuite> <!-- Default test -->
