<?xml version="1.0" encoding="UTF-8"?>
<!-- Generated by org.testng.reporters.JUnitXMLReporter -->
<testsuite ignored="1" hostname="VikasReddy" failures="0" tests="7" name="Test" time="17.377" errors="0" timestamp="2023-10-31T14:43:34 IST">
  <testcase classname="Problem_3and4.Problem4" name="verifyProductLink" time="0.045"/>
  <testcase classname="Problem_3and4.Problem4" name="verifyBeyondrpaLink" time="0.036"/>
  <testcase classname="Problem_3and4.Problem4" name="verifyResoursesLink" time="0.023"/>
  <testcase classname="Problem_3and4.Problem4" name="verifyCompanyLink" time="0.025"/>
  <testcase classname="Problem_3and4.Problem3" name="logverify" time="0.028"/>
  <testcase classname="Problem_3and4.Problem3" name="verifyRequestDemoButton" time="0.033"/>
  <testcase classname="Problem_3and4.Problem3" name="verifyRequestDemoButtonIsClickableOrNot" time="0.034"/>
  <testcase classname="Problem_3and4.Problem4" name="verifySolutionLink" time="0.0">
    <ignored/>
  </testcase> <!-- verifySolutionLink -->
</testsuite> <!-- Test -->
