<?xml version="1.0" encoding="UTF-8"?>
<!-- Generated by org.testng.reporters.JUnitXMLReporter -->
<testsuite hostname="VikasReddy" ignored="1" name="Test" tests="7" failures="0" timestamp="2023-10-31T15:59:50 IST" time="17.85" errors="0">
  <testcase name="verifyProductLink" time="0.061" classname="Problem_3and4.Problem4"/>
  <testcase name="verifyBeyondrpaLink" time="0.041" classname="Problem_3and4.Problem4"/>
  <testcase name="verifyResoursesLink" time="0.036" classname="Problem_3and4.Problem4"/>
  <testcase name="verifyCompanyLink" time="0.038" classname="Problem_3and4.Problem4"/>
  <testcase name="logverify" time="0.035" classname="Problem_3and4.Problem3"/>
  <testcase name="verifyRequestDemoButton" time="0.032" classname="Problem_3and4.Problem3"/>
  <testcase name="verifyRequestDemoButtonIsClickableOrNot" time="0.024" classname="Problem_3and4.Problem3"/>
  <testcase name="verifySolutionLink" time="0.0" classname="Problem_3and4.Problem4">
    <ignored/>
  </testcase> <!-- verifySolutionLink -->
</testsuite> <!-- Test -->
