<?xml version="1.0" encoding="UTF-8"?>
<testng-results skipped="0" failed="0" ignored="1" total="8" passed="7">
  <reporter-output>
  </reporter-output>
  <suite name="Suite" duration-ms="17850" started-at="2023-10-31T15:59:32 IST" finished-at="2023-10-31T15:59:50 IST">
    <groups>
    </groups>
    <test name="Test" duration-ms="17850" started-at="2023-10-31T15:59:32 IST" finished-at="2023-10-31T15:59:50 IST">
      <class name="Problem_3and4.Problem4">
        <test-method status="PASS" signature="automationAnyWhere()[pri:0, instance:Problem_3and4.Problem4@5f3a4b84]" name="automationAnyWhere" is-config="true" duration-ms="9519" started-at="2023-10-31T15:59:32 IST" finished-at="2023-10-31T15:59:42 IST">
          <reporter-output>
          </reporter-output>
        </test-method> <!-- automationAnyWhere -->
        <test-method status="PASS" signature="verifyProductLink()[pri:1, instance:Problem_3and4.Problem4@5f3a4b84]" name="verifyProductLink" duration-ms="61" started-at="2023-10-31T15:59:42 IST" finished-at="2023-10-31T15:59:42 IST">
          <reporter-output>
          </reporter-output>
        </test-method> <!-- verifyProductLink -->
        <test-method status="PASS" signature="verifyBeyondrpaLink()[pri:3, instance:Problem_3and4.Problem4@5f3a4b84]" name="verifyBeyondrpaLink" duration-ms="41" started-at="2023-10-31T15:59:42 IST" finished-at="2023-10-31T15:59:42 IST">
          <reporter-output>
          </reporter-output>
        </test-method> <!-- verifyBeyondrpaLink -->
        <test-method status="PASS" signature="verifyResoursesLink()[pri:4, instance:Problem_3and4.Problem4@5f3a4b84]" name="verifyResoursesLink" duration-ms="36" started-at="2023-10-31T15:59:42 IST" finished-at="2023-10-31T15:59:42 IST">
          <reporter-output>
          </reporter-output>
        </test-method> <!-- verifyResoursesLink -->
        <test-method status="PASS" signature="verifyCompanyLink()[pri:5, instance:Problem_3and4.Problem4@5f3a4b84]" name="verifyCompanyLink" duration-ms="38" started-at="2023-10-31T15:59:42 IST" finished-at="2023-10-31T15:59:42 IST">
          <reporter-output>
          </reporter-output>
        </test-method> <!-- verifyCompanyLink -->
        <test-method status="PASS" signature="tearDown()[pri:0, instance:Problem_3and4.Problem4@5f3a4b84]" name="tearDown" is-config="true" duration-ms="696" started-at="2023-10-31T15:59:42 IST" finished-at="2023-10-31T15:59:43 IST">
          <reporter-output>
          </reporter-output>
        </test-method> <!-- tearDown -->
      </class> <!-- Problem_3and4.Problem4 -->
      <class name="Problem_3and4.Problem3">
        <test-method status="PASS" signature="automationAnyWhere()[pri:0, instance:Problem_3and4.Problem3@13c27452]" name="automationAnyWhere" is-config="true" duration-ms="6696" started-at="2023-10-31T15:59:43 IST" finished-at="2023-10-31T15:59:49 IST">
          <reporter-output>
          </reporter-output>
        </test-method> <!-- automationAnyWhere -->
        <test-method status="PASS" signature="logverify()[pri:1, instance:Problem_3and4.Problem3@13c27452]" name="logverify" duration-ms="35" started-at="2023-10-31T15:59:49 IST" finished-at="2023-10-31T15:59:49 IST">
          <reporter-output>
          </reporter-output>
        </test-method> <!-- logverify -->
        <test-method status="PASS" signature="verifyRequestDemoButton()[pri:2, instance:Problem_3and4.Problem3@13c27452]" name="verifyRequestDemoButton" duration-ms="32" started-at="2023-10-31T15:59:49 IST" finished-at="2023-10-31T15:59:50 IST">
          <reporter-output>
          </reporter-output>
        </test-method> <!-- verifyRequestDemoButton -->
        <test-method status="PASS" signature="verifyRequestDemoButtonIsClickableOrNot()[pri:3, instance:Problem_3and4.Problem3@13c27452]" name="verifyRequestDemoButtonIsClickableOrNot" duration-ms="24" started-at="2023-10-31T15:59:50 IST" finished-at="2023-10-31T15:59:50 IST">
          <reporter-output>
          </reporter-output>
        </test-method> <!-- verifyRequestDemoButtonIsClickableOrNot -->
        <test-method status="PASS" signature="tearDown()[pri:0, instance:Problem_3and4.Problem3@13c27452]" name="tearDown" is-config="true" duration-ms="633" started-at="2023-10-31T15:59:50 IST" finished-at="2023-10-31T15:59:50 IST">
          <reporter-output>
          </reporter-output>
        </test-method> <!-- tearDown -->
      </class> <!-- Problem_3and4.Problem3 -->
    </test> <!-- Test -->
  </suite> <!-- Suite -->
</testng-results>
